Project Information           c:\documents and settings\student\desktop\q1.rpt

MAX+plus II Compiler Report File
Version 10.2 07/10/2002
Compiled: 11/03/2015 13:47:26

Copyright (C) 1988-2002 Altera Corporation
Any megafunction design, and related net list (encrypted or decrypted),
support information, device programming or simulation file, and any other
associated documentation or information provided by Altera or a partner
under Altera's Megafunction Partnership Program may be used only to
program PLD devices (but not masked PLD devices) from Altera.  Any other
use of such megafunction design, net list, support information, device
programming or simulation file, or any other related documentation or
information is prohibited for any other purpose, including, but not
limited to modification, reverse engineering, de-compiling, or use with
any other silicon devices, unless such use is explicitly licensed under
a separate agreement with Altera or a megafunction partner.  Title to
the intellectual property, including patents, copyrights, trademarks,
trade secrets, or maskworks, embodied in any such megafunction design,
net list, support information, device programming or simulation file, or
any other related documentation or information provided by Altera or a
megafunction partner, remains with Altera, the megafunction partner, or
their respective licensors.  No other licenses, including any licenses
needed under any third party's intellectual property, are provided herein.



***** Project compilation was successful




** DEVICE SUMMARY **

Chip/                     Input   Output   Bidir         Shareable
POF       Device          Pins    Pins     Pins     LCs  Expanders  % Utilized

q1        EPM7032LC44-6    2        4        0      7       0           21 %

User Pins:                 2        4        0  



Project Information           c:\documents and settings\student\desktop\q1.rpt

** AUTO GLOBAL SIGNALS **



INFO: Signal 'clk' chosen for auto global Clock


Project Information           c:\documents and settings\student\desktop\q1.rpt

** FILE HIERARCHY **



|upcount:stage0|
|upcount:stage0|lpm_add_sub:14|
|upcount:stage0|lpm_add_sub:14|addcore:adder|
|upcount:stage0|lpm_add_sub:14|addcore:adder|addcore:adder0|
|upcount:stage0|lpm_add_sub:14|altshift:result_ext_latency_ffs|
|upcount:stage0|lpm_add_sub:14|altshift:carry_ext_latency_ffs|
|upcount:stage0|lpm_add_sub:14|altshift:oflow_ext_latency_ffs|
|dec2to4:stage1|


Device-Specific Information:  c:\documents and settings\student\desktop\q1.rpt
q1

***** Logic for device 'q1' compiled without errors.




Device: EPM7032LC44-6

Device Options:
    Turbo Bit                                    = ON
    Security Bit                                 = OFF

              R  R                       R  R  
              E  E                       E  E  
              S  S                       S  S  
              E  E                       E  E  
              R  R                       R  R  
              V  V  c  V  G  G  G  c  G  V  V  
              E  E  l  C  N  N  N  l  N  E  E  
              D  D  r  C  D  D  D  k  D  D  D  
            -----------------------------------_ 
          /   6  5  4  3  2  1 44 43 42 41 40   | 
RESERVED |  7                                39 | Q3 
RESERVED |  8                                38 | Q2 
RESERVED |  9                                37 | Q1 
     GND | 10                                36 | Q0 
RESERVED | 11                                35 | VCC 
RESERVED | 12         EPM7032LC44-6          34 | RESERVED 
RESERVED | 13                                33 | RESERVED 
RESERVED | 14                                32 | RESERVED 
     VCC | 15                                31 | RESERVED 
RESERVED | 16                                30 | GND 
RESERVED | 17                                29 | RESERVED 
         |_  18 19 20 21 22 23 24 25 26 27 28  _| 
           ------------------------------------ 
              R  R  R  R  G  V  R  R  R  R  R  
              E  E  E  E  N  C  E  E  E  E  E  
              S  S  S  S  D  C  S  S  S  S  S  
              E  E  E  E        E  E  E  E  E  
              R  R  R  R        R  R  R  R  R  
              V  V  V  V        V  V  V  V  V  
              E  E  E  E        E  E  E  E  E  
              D  D  D  D        D  D  D  D  D  


N.C. = No Connect. This pin has no internal connection to the device.
VCC = Dedicated power pin, which MUST be connected to VCC.
GND = Dedicated ground pin or unused dedicated input, which MUST be connected to GND.
RESERVED = Unused I/O pin, which MUST be left unconnected.



Device-Specific Information:  c:\documents and settings\student\desktop\q1.rpt
q1

** RESOURCE USAGE **

                                                Shareable     External
Logic Array Block     Logic Cells   I/O Pins    Expanders   Interconnect

A:     LC1 - LC16     0/16(  0%)   1/16(  6%)   0/16(  0%)   0/36(  0%) 
B:    LC17 - LC32     7/16( 43%)   4/16( 25%)   0/16(  0%)   4/36( 11%) 


Total dedicated input pins used:                 1/4      ( 25%)
Total I/O pins used:                             5/32     ( 15%)
Total logic cells used:                          7/32     ( 21%)
Total shareable expanders used:                  0/32     (  0%)
Total Turbo logic cells used:                    7/32     ( 21%)
Total shareable expanders not available (n/a):   0/32     (  0%)
Average fan-in:                                  2.28
Total fan-in:                                    16

Total input pins required:                       2
Total output pins required:                      4
Total bidirectional pins required:               0
Total logic cells required:                      7
Total flipflops required:                        2
Total product terms required:                   12
Total logic cells lending parallel expanders:    0
Total shareable expanders in database:           0

Synthesized logic cells:                         0/  32   (  0%)



Device-Specific Information:  c:\documents and settings\student\desktop\q1.rpt
q1

** INPUTS **

                                         Shareable
                                         Expanders     Fan-In    Fan-Out
 Pin     LC  LAB  Primitive    Code   Total Shared n/a INP  FBK  OUT  FBK  Name
  43      -   -       INPUT  G            0      0   0    0    0    0    0  clk
   4    (1)  (A)      INPUT               0      0   0    0    0    0    2  clr


Code:

s = Synthesized pin or logic cell
t = Turbo logic cell
+ = Synchronous flipflop
! = NOT gate push-back
r = Fitter-inserted logic cell
G = Global Source. Fan-out destinations counted here do not include destinations
that are driven using global routing resources. Refer to the Auto Global Signals,
Clock Signals, Clear Signals, Synchronous Load Signals, and Synchronous Clear Signals
Sections of this Report File for information on which signals' fan-outs are used as
Clock, Clear, Preset, Output Enable, and synchronous Load signals.


Device-Specific Information:  c:\documents and settings\student\desktop\q1.rpt
q1

** OUTPUTS **

                                         Shareable
                                         Expanders     Fan-In    Fan-Out
 Pin     LC  LAB  Primitive    Code   Total Shared n/a INP  FBK  OUT  FBK  Name
  36     22    B     OUTPUT      t        0      0   0    0    2    0    0  Q0
  37     21    B     OUTPUT      t        0      0   0    0    2    0    0  Q1
  38     20    B     OUTPUT      t        0      0   0    0    2    0    0  Q2
  39     19    B     OUTPUT      t        0      0   0    0    2    0    0  Q3


Code:

s = Synthesized pin or logic cell
t = Turbo logic cell
+ = Synchronous flipflop
! = NOT gate push-back
r = Fitter-inserted logic cell


Device-Specific Information:  c:\documents and settings\student\desktop\q1.rpt
q1

** BURIED LOGIC **

                                         Shareable
                                         Expanders     Fan-In    Fan-Out
 Pin     LC  LAB  Primitive    Code   Total Shared n/a INP  FBK  OUT  FBK  Name
 (40)    18    B       SOFT      t        0      0   0    0    2    0    1  |upcount:stage0|lpm_add_sub:14|addcore:adder|addcore:adder0|result_node1
 (41)    17    B       DFFE   +  t        0      0   0    1    1    4    1  |upcount:stage0|:12
 (34)    23    B       DFFE   +  t        0      0   0    1    1    4    2  |upcount:stage0|:13


Code:

s = Synthesized pin or logic cell
t = Turbo logic cell
+ = Synchronous flipflop
! = NOT gate push-back
r = Fitter-inserted logic cell


Device-Specific Information:  c:\documents and settings\student\desktop\q1.rpt
q1

** LOGIC CELL INTERCONNECTIONS **

Logic Array Block 'B':

                       Logic cells placed in LAB 'B'
        +------------- LC22 Q0
        | +----------- LC21 Q1
        | | +--------- LC20 Q2
        | | | +------- LC19 Q3
        | | | | +----- LC18 |upcount:stage0|lpm_add_sub:14|addcore:adder|addcore:adder0|result_node1
        | | | | | +--- LC17 |upcount:stage0|:12
        | | | | | | +- LC23 |upcount:stage0|:13
        | | | | | | | 
        | | | | | | |   Other LABs fed by signals
        | | | | | | |   that feed LAB 'B'
LC      | | | | | | | | A B |     Logic cells that feed LAB 'B':
LC18 -> - - - - - * - | - * | <-- |upcount:stage0|lpm_add_sub:14|addcore:adder|addcore:adder0|result_node1
LC17 -> * * * * * - - | - * | <-- |upcount:stage0|:12
LC23 -> * * * * * - * | - * | <-- |upcount:stage0|:13

Pin
43   -> - - - - - - - | - - | <-- clk
4    -> - - - - - * * | - * | <-- clr


* = The logic cell or pin is an input to the logic cell (or LAB) through the PIA.
- = The logic cell or pin is not an input to the logic cell (or LAB).


Device-Specific Information:  c:\documents and settings\student\desktop\q1.rpt
q1

** EQUATIONS **

clk      : INPUT;
clr      : INPUT;

-- Node name is 'Q0' 
-- Equation name is 'Q0', location is LC022, type is output.
 Q0      = LCELL( _EQ001 $ !_LC017);
  _EQ001 = !_LC017 &  _LC023;

-- Node name is 'Q1' 
-- Equation name is 'Q1', location is LC021, type is output.
 Q1      = LCELL( _EQ002 $  _LC023);
  _EQ002 =  _LC017 &  _LC023;

-- Node name is 'Q2' 
-- Equation name is 'Q2', location is LC020, type is output.
 Q2      = LCELL( _EQ003 $  _LC017);
  _EQ003 =  _LC017 &  _LC023;

-- Node name is 'Q3' 
-- Equation name is 'Q3', location is LC019, type is output.
 Q3      = LCELL( _EQ004 $  _LC017);
  _EQ004 =  _LC017 & !_LC023;

-- Node name is '|upcount:stage0|lpm_add_sub:14|addcore:adder|addcore:adder0|result_node1' from file "addcore.tdf" line 164, column 16
-- Equation name is '_LC018', type is buried 
_LC018   = LCELL(!_LC017 $ !_LC023);

-- Node name is '|upcount:stage0|:12' 
-- Equation name is '_LC017', type is buried 
_LC017   = DFFE( _EQ005 $  GND, GLOBAL( clk),  VCC,  VCC,  VCC);
  _EQ005 = !clr &  _LC018;

-- Node name is '|upcount:stage0|:13' 
-- Equation name is '_LC023', type is buried 
_LC023   = DFFE( _EQ006 $  GND, GLOBAL( clk),  VCC,  VCC,  VCC);
  _EQ006 = !clr & !_LC023;



--     Shareable expanders that are duplicated in multiple LABs:
--     (none)




Project Information           c:\documents and settings\student\desktop\q1.rpt

** COMPILATION SETTINGS & TIMES **

Processing Menu Commands
------------------------

Design Doctor                             = off

Logic Synthesis:

   Synthesis Type Used                    = Standard

   Default Synthesis Style                = NORMAL

      Logic option settings in 'NORMAL' style for 'MAX7000' family

      DECOMPOSE_GATES                     = on
      DUPLICATE_LOGIC_EXTRACTION          = on
      MINIMIZATION                        = full
      MULTI_LEVEL_FACTORING               = on
      NOT_GATE_PUSH_BACK                  = on
      PARALLEL_EXPANDERS                  = off
      REDUCE_LOGIC                        = on
      REFACTORIZATION                     = on
      REGISTER_OPTIMIZATION               = on
      RESYNTHESIZE_NETWORK                = on
      SLOW_SLEW_RATE                      = off
      SOFT_BUFFER_INSERTION               = on
      SUBFACTOR_EXTRACTION                = on
      TURBO_BIT                           = on
      XOR_SYNTHESIS                       = on
      IGNORE_SOFT_BUFFERS                 = off
      USE_LPM_FOR_AHDL_OPERATORS          = off

   Other logic synthesis settings:

      Automatic Global Clock              = on
      Automatic Global Clear              = on
      Automatic Global Preset             = on
      Automatic Global Output Enable      = on
      Automatic Fast I/O                  = off
      Automatic Register Packing          = off
      Automatic Open-Drain Pins           = on
      Automatic Implement in EAB          = off
      One-Hot State Machine Encoding      = off
      Optimize                            = 5

Default Timing Specifications: None

Cut All Bidir Feedback Timing Paths       = on
Cut All Clear & Preset Timing Paths       = on

Ignore Timing Assignments                 = on

Functional SNF Extractor                  = off

Linked SNF Extractor                      = off
Timing SNF Extractor                      = on
Optimize Timing SNF                       = off
Generate AHDL TDO File                    = off
Fitter Settings                           = NORMAL
Smart Recompile                           = off
Total Recompile                           = off

Interfaces Menu Commands
------------------------

EDIF Netlist Writer                       = off
Verilog Netlist Writer                    = off
VHDL Netlist Writer                       = off

Compilation Times
-----------------

   Compiler Netlist Extractor             00:00:00
   Database Builder                       00:00:00
   Logic Synthesizer                      00:00:00
   Partitioner                            00:00:01
   Fitter                                 00:00:00
   Timing SNF Extractor                   00:00:00
   Assembler                              00:00:00
   --------------------------             --------
   Total Time                             00:00:01


Memory Allocated
-----------------

Peak memory allocated during compilation  = 3,342K
