Project Information                       c:\student\cse_b_b1_17\week_5\q5.rpt

MAX+plus II Compiler Report File
Version 10.2 07/10/2002
Compiled: 09/01/2015 16:08:57

Copyright (C) 1988-2002 Altera Corporation
Any megafunction design, and related net list (encrypted or decrypted),
support information, device programming or simulation file, and any other
associated documentation or information provided by Altera or a partner
under Altera's Megafunction Partnership Program may be used only to
program PLD devices (but not masked PLD devices) from Altera.  Any other
use of such megafunction design, net list, support information, device
programming or simulation file, or any other related documentation or
information is prohibited for any other purpose, including, but not
limited to modification, reverse engineering, de-compiling, or use with
any other silicon devices, unless such use is explicitly licensed under
a separate agreement with Altera or a megafunction partner.  Title to
the intellectual property, including patents, copyrights, trademarks,
trade secrets, or maskworks, embodied in any such megafunction design,
net list, support information, device programming or simulation file, or
any other related documentation or information provided by Altera or a
megafunction partner, remains with Altera, the megafunction partner, or
their respective licensors.  No other licenses, including any licenses
needed under any third party's intellectual property, are provided herein.



***** Project compilation was successful




** DEVICE SUMMARY **

Chip/                     Input   Output   Bidir         Shareable
POF       Device          Pins    Pins     Pins     LCs  Expanders  % Utilized

q5        EPM7032LC44-6    8        5        0      22      7           68 %

User Pins:                 8        5        0  



Project Information                       c:\student\cse_b_b1_17\week_5\q5.rpt

** FILE HIERARCHY **



|fourbit:level0|
|fourbit:level0|fulladd:stage0|
|fourbit:level0|fulladd:stage1|
|fourbit:level0|fulladd:stage2|
|fourbit:level0|fulladd:stage3|
|fourbit:level1|
|fourbit:level1|fulladd:stage0|
|fourbit:level1|fulladd:stage1|
|fourbit:level1|fulladd:stage2|
|fourbit:level1|fulladd:stage3|


Device-Specific Information:              c:\student\cse_b_b1_17\week_5\q5.rpt
q5

***** Logic for device 'q5' compiled without errors.




Device: EPM7032LC44-6

Device Options:
    Turbo Bit                                    = ON
    Security Bit                                 = OFF

                                         R     
                                         E     
                                         S  t  
                                         E  o  
                                         R  t  
                       V  G  G  G  G  G  V  a  
              b  b  a  C  N  N  N  N  N  E  l  
              2  3  0  C  D  D  D  D  D  D  0  
            -----------------------------------_ 
          /   6  5  4  3  2  1 44 43 42 41 40   | 
      b1 |  7                                39 | total3 
      b0 |  8                                38 | carry 
      a3 |  9                                37 | RESERVED 
     GND | 10                                36 | RESERVED 
      a2 | 11                                35 | VCC 
      a1 | 12         EPM7032LC44-6          34 | RESERVED 
  total1 | 13                                33 | RESERVED 
  total2 | 14                                32 | RESERVED 
     VCC | 15                                31 | RESERVED 
RESERVED | 16                                30 | GND 
RESERVED | 17                                29 | RESERVED 
         |_  18 19 20 21 22 23 24 25 26 27 28  _| 
           ------------------------------------ 
              R  R  R  R  G  V  R  R  R  R  R  
              E  E  E  E  N  C  E  E  E  E  E  
              S  S  S  S  D  C  S  S  S  S  S  
              E  E  E  E        E  E  E  E  E  
              R  R  R  R        R  R  R  R  R  
              V  V  V  V        V  V  V  V  V  
              E  E  E  E        E  E  E  E  E  
              D  D  D  D        D  D  D  D  D  


N.C. = No Connect. This pin has no internal connection to the device.
VCC = Dedicated power pin, which MUST be connected to VCC.
GND = Dedicated ground pin or unused dedicated input, which MUST be connected to GND.
RESERVED = Unused I/O pin, which MUST be left unconnected.



Device-Specific Information:              c:\student\cse_b_b1_17\week_5\q5.rpt
q5

** RESOURCE USAGE **

                                                Shareable     External
Logic Array Block     Logic Cells   I/O Pins    Expanders   Interconnect

A:     LC1 - LC16     6/16( 37%)  10/16( 62%)   5/16( 31%)  19/36( 52%) 
B:    LC17 - LC32    16/16(100%)   3/16( 18%)  16/16(100%)  14/36( 38%) 


Total dedicated input pins used:                 0/4      (  0%)
Total I/O pins used:                            13/32     ( 40%)
Total logic cells used:                         22/32     ( 68%)
Total shareable expanders used:                  7/32     ( 21%)
Total Turbo logic cells used:                   22/32     ( 68%)
Total shareable expanders not available (n/a):  14/32     ( 43%)
Average fan-in:                                  7.86
Total fan-in:                                   173

Total input pins required:                       8
Total output pins required:                      5
Total bidirectional pins required:               0
Total logic cells required:                     22
Total flipflops required:                        0
Total product terms required:                   97
Total logic cells lending parallel expanders:    0
Total shareable expanders in database:           6

Synthesized logic cells:                        17/  32   ( 53%)



Device-Specific Information:              c:\student\cse_b_b1_17\week_5\q5.rpt
q5

** INPUTS **

                                         Shareable
                                         Expanders     Fan-In    Fan-Out
 Pin     LC  LAB  Primitive    Code   Total Shared n/a INP  FBK  OUT  FBK  Name
   4    (1)  (A)      INPUT               0      0   0    0    0    4   16  a0
  12    (8)  (A)      INPUT               0      0   0    0    0    3   15  a1
  11    (7)  (A)      INPUT               0      0   0    0    0    4   16  a2
   9    (6)  (A)      INPUT               0      0   0    0    0    3   16  a3
   8    (5)  (A)      INPUT               0      0   0    0    0    4   16  b0
   7    (4)  (A)      INPUT               0      0   0    0    0    3   17  b1
   6    (3)  (A)      INPUT               0      0   0    0    0    3   16  b2
   5    (2)  (A)      INPUT               0      0   0    0    0    3   16  b3


Code:

s = Synthesized pin or logic cell
t = Turbo logic cell
+ = Synchronous flipflop
! = NOT gate push-back
r = Fitter-inserted logic cell


Device-Specific Information:              c:\student\cse_b_b1_17\week_5\q5.rpt
q5

** OUTPUTS **

                                         Shareable
                                         Expanders     Fan-In    Fan-Out
 Pin     LC  LAB  Primitive    Code   Total Shared n/a INP  FBK  OUT  FBK  Name
  38     20    B     OUTPUT      t        6      0   1    8    0    0    0  carry
  40     18    B     OUTPUT      t        0      0   0    2    0    0    0  total0
  13      9    A     OUTPUT      t        1      1   0    8    5    0    0  total1
  14     10    A     OUTPUT      t        0      0   0    1    7    0    0  total2
  39     19    B     OUTPUT      t        1      1   0    8    6    0    0  total3


Code:

s = Synthesized pin or logic cell
t = Turbo logic cell
+ = Synchronous flipflop
! = NOT gate push-back
r = Fitter-inserted logic cell


Device-Specific Information:              c:\student\cse_b_b1_17\week_5\q5.rpt
q5

** BURIED LOGIC **

                                         Shareable
                                         Expanders     Fan-In    Fan-Out
 Pin     LC  LAB  Primitive    Code   Total Shared n/a INP  FBK  OUT  FBK  Name
 (32)    25    B       SOFT    s t        1      0   1    8    0    1    0  |fourbit:level1|fulladd:stage1|~8~1
 (27)    29    B       SOFT    s t        1      0   1    8    0    1    0  |fourbit:level1|fulladd:stage1|~8~2
 (31)    26    B       SOFT    s t        1      0   1    8    0    1    0  |fourbit:level1|fulladd:stage1|~8~3
 (29)    27    B       SOFT    s t        0      0   0    5    0    1    0  |fourbit:level1|fulladd:stage1|~8~4
 (26)    30    B       SOFT    s t        0      0   0    5    0    2    0  |fourbit:level1|fulladd:stage1|~8~5
 (25)    31    B       SOFT    s t        1      0   1    8    0    1    0  |fourbit:level1|fulladd:stage2|~8~1
 (24)    32    B       SOFT    s t        1      0   1    8    0    1    0  |fourbit:level1|fulladd:stage2|~8~2
 (28)    28    B       SOFT    s t        1      0   1    8    0    1    0  |fourbit:level1|fulladd:stage2|~8~3
 (33)    24    B       SOFT    s t        1      0   1    8    0    1    0  |fourbit:level1|fulladd:stage2|~8~4
 (34)    23    B       SOFT    s t        1      0   1    8    0    1    0  |fourbit:level1|fulladd:stage2|~8~5
 (36)    22    B       SOFT    s t        0      0   0    7    0    1    0  |fourbit:level1|fulladd:stage2|~8~6
 (41)    17    B       SOFT    s t        1      0   1    8    0    1    0  |fourbit:level1|fulladd:stage3|~8~1
  (4)     1    A       SOFT    s t        1      0   1    8    0    1    0  |fourbit:level1|fulladd:stage3|~8~2
  (5)     2    A       SOFT    s t        1      0   1    8    0    1    0  |fourbit:level1|fulladd:stage3|~8~3
  (6)     3    A       SOFT    s t        1      0   1    8    0    1    0  |fourbit:level1|fulladd:stage3|~8~4
  (7)     4    A       SOFT    s t        1      0   1    8    0    1    0  |fourbit:level1|fulladd:stage3|~8~5
 (37)    21    B       SOFT    s t        0      0   0    7    0    1    0  |fourbit:level1|fulladd:stage3|~8~6


Code:

s = Synthesized pin or logic cell
t = Turbo logic cell
+ = Synchronous flipflop
! = NOT gate push-back
r = Fitter-inserted logic cell


Device-Specific Information:              c:\student\cse_b_b1_17\week_5\q5.rpt
q5

** LOGIC CELL INTERCONNECTIONS **

Logic Array Block 'A':

                     Logic cells placed in LAB 'A'
        +----------- LC1 |fourbit:level1|fulladd:stage3|~8~2
        | +--------- LC2 |fourbit:level1|fulladd:stage3|~8~3
        | | +------- LC3 |fourbit:level1|fulladd:stage3|~8~4
        | | | +----- LC4 |fourbit:level1|fulladd:stage3|~8~5
        | | | | +--- LC9 total1
        | | | | | +- LC10 total2
        | | | | | | 
        | | | | | |   Other LABs fed by signals
        | | | | | |   that feed LAB 'A'
LC      | | | | | | | A B |     Logic cells that feed LAB 'A':

Pin
4    -> * * * * * - | * * | <-- a0
12   -> * * * * * - | * * | <-- a1
11   -> * * * * * * | * * | <-- a2
9    -> * * * * * - | * * | <-- a3
8    -> * * * * * - | * * | <-- b0
7    -> * * * * * - | * * | <-- b1
6    -> * * * * * - | * * | <-- b2
5    -> * * * * * - | * * | <-- b3
LC25 -> - - - - * - | * - | <-- |fourbit:level1|fulladd:stage1|~8~1
LC29 -> - - - - * - | * - | <-- |fourbit:level1|fulladd:stage1|~8~2
LC26 -> - - - - * - | * - | <-- |fourbit:level1|fulladd:stage1|~8~3
LC27 -> - - - - * - | * - | <-- |fourbit:level1|fulladd:stage1|~8~4
LC30 -> - - - - * * | * - | <-- |fourbit:level1|fulladd:stage1|~8~5
LC31 -> - - - - - * | * - | <-- |fourbit:level1|fulladd:stage2|~8~1
LC32 -> - - - - - * | * - | <-- |fourbit:level1|fulladd:stage2|~8~2
LC28 -> - - - - - * | * - | <-- |fourbit:level1|fulladd:stage2|~8~3
LC24 -> - - - - - * | * - | <-- |fourbit:level1|fulladd:stage2|~8~4
LC23 -> - - - - - * | * - | <-- |fourbit:level1|fulladd:stage2|~8~5
LC22 -> - - - - - * | * - | <-- |fourbit:level1|fulladd:stage2|~8~6


* = The logic cell or pin is an input to the logic cell (or LAB) through the PIA.
- = The logic cell or pin is not an input to the logic cell (or LAB).


Device-Specific Information:              c:\student\cse_b_b1_17\week_5\q5.rpt
q5

** LOGIC CELL INTERCONNECTIONS **

Logic Array Block 'B':

                                         Logic cells placed in LAB 'B'
        +------------------------------- LC20 carry
        | +----------------------------- LC25 |fourbit:level1|fulladd:stage1|~8~1
        | | +--------------------------- LC29 |fourbit:level1|fulladd:stage1|~8~2
        | | | +------------------------- LC26 |fourbit:level1|fulladd:stage1|~8~3
        | | | | +----------------------- LC27 |fourbit:level1|fulladd:stage1|~8~4
        | | | | | +--------------------- LC30 |fourbit:level1|fulladd:stage1|~8~5
        | | | | | | +------------------- LC31 |fourbit:level1|fulladd:stage2|~8~1
        | | | | | | | +----------------- LC32 |fourbit:level1|fulladd:stage2|~8~2
        | | | | | | | | +--------------- LC28 |fourbit:level1|fulladd:stage2|~8~3
        | | | | | | | | | +------------- LC24 |fourbit:level1|fulladd:stage2|~8~4
        | | | | | | | | | | +----------- LC23 |fourbit:level1|fulladd:stage2|~8~5
        | | | | | | | | | | | +--------- LC22 |fourbit:level1|fulladd:stage2|~8~6
        | | | | | | | | | | | | +------- LC17 |fourbit:level1|fulladd:stage3|~8~1
        | | | | | | | | | | | | | +----- LC21 |fourbit:level1|fulladd:stage3|~8~6
        | | | | | | | | | | | | | | +--- LC18 total0
        | | | | | | | | | | | | | | | +- LC19 total3
        | | | | | | | | | | | | | | | | 
        | | | | | | | | | | | | | | | |   Other LABs fed by signals
        | | | | | | | | | | | | | | | |   that feed LAB 'B'
LC      | | | | | | | | | | | | | | | | | A B |     Logic cells that feed LAB 'B':
LC17 -> - - - - - - - - - - - - - - - * | - * | <-- |fourbit:level1|fulladd:stage3|~8~1
LC21 -> - - - - - - - - - - - - - - - * | - * | <-- |fourbit:level1|fulladd:stage3|~8~6

Pin
4    -> * * * * * * * * * * * * * - * * | * * | <-- a0
12   -> * * * * - - * * * * * * * * - * | * * | <-- a1
11   -> * * * * - * * * * * * * * * - * | * * | <-- a2
9    -> * * * * * - * * * * * * * * - * | * * | <-- a3
8    -> * * * * * * * * * * * - * * * * | * * | <-- b0
7    -> * * * * * * * * * * * * * * - * | * * | <-- b1
6    -> * * * * - * * * * * * * * * - * | * * | <-- b2
5    -> * * * * * - * * * * * * * * - * | * * | <-- b3
LC1  -> - - - - - - - - - - - - - - - * | - * | <-- |fourbit:level1|fulladd:stage3|~8~2
LC2  -> - - - - - - - - - - - - - - - * | - * | <-- |fourbit:level1|fulladd:stage3|~8~3
LC3  -> - - - - - - - - - - - - - - - * | - * | <-- |fourbit:level1|fulladd:stage3|~8~4
LC4  -> - - - - - - - - - - - - - - - * | - * | <-- |fourbit:level1|fulladd:stage3|~8~5


* = The logic cell or pin is an input to the logic cell (or LAB) through the PIA.
- = The logic cell or pin is not an input to the logic cell (or LAB).


Device-Specific Information:              c:\student\cse_b_b1_17\week_5\q5.rpt
q5

** EQUATIONS **

a0       : INPUT;
a1       : INPUT;
a2       : INPUT;
a3       : INPUT;
b0       : INPUT;
b1       : INPUT;
b2       : INPUT;
b3       : INPUT;

-- Node name is 'carry' 
-- Equation name is 'carry', location is LC020, type is output.
 carry   = LCELL( _EQ001 $  VCC);
  _EQ001 = !a1 & !a2 & !b1 & !b2 &  _X001 &  _X002
         # !a1 & !a3 & !b1 & !b3 &  _X002
         # !a1 & !a3 & !b3 &  _X003
         # !a2 & !a3 & !b3 &  _X004
         # !a3 & !b2 & !b3 &  _X005;
  _X001  = EXP( a3 &  b3);
  _X002  = EXP( a0 &  b0);
  _X003  = EXP( a2 &  b2);
  _X004  = EXP( a0 &  b0 &  b1 &  b2);
  _X005  = EXP( a0 &  b0 &  b1);

-- Node name is 'total0' 
-- Equation name is 'total0', location is LC018, type is output.
 total0  = LCELL( b0 $  a0);

-- Node name is 'total1' 
-- Equation name is 'total1', location is LC009, type is output.
 total1  = LCELL( _EQ002 $  a1);
  _EQ002 = !_LC025 & !_LC026 & !_LC027 & !_LC029 & !_LC030 &  _X006;
  _X006  = EXP( a0 & !a1 &  a2 & !a3 &  b0 &  b1 & !b2 & !b3);

-- Node name is 'total2' 
-- Equation name is 'total2', location is LC010, type is output.
 total2  = LCELL( _EQ003 $ !a2);
  _EQ003 = !_LC022 & !_LC023 & !_LC024 & !_LC028 & !_LC030 & !_LC031 & 
             !_LC032;

-- Node name is 'total3' 
-- Equation name is 'total3', location is LC019, type is output.
 total3  = LCELL( _EQ004 $ !a3);
  _EQ004 = !_LC001 & !_LC002 & !_LC003 & !_LC004 & !_LC017 & !_LC021 &  _X006;
  _X006  = EXP( a0 & !a1 &  a2 & !a3 &  b0 &  b1 & !b2 & !b3);

-- Node name is '|fourbit:level1|fulladd:stage1|~8~1' 
-- Equation name is '_LC025', type is buried 
-- synthesized logic cell 
_LC025   = LCELL( _EQ005 $  GND);
  _EQ005 =  a0 &  a1 & !a2 & !a3 &  b0 &  b1 & !b2 & !b3
         #  a0 & !a1 & !a2 & !a3 &  b0 &  b1 & !b3
         # !a0 &  a1 & !a2 & !a3 & !b1 & !b3
         #  a1 & !a2 & !a3 & !b0 & !b1 & !b3
         # !a0 &  a1 & !a3 & !b1 & !b2 & !b3;

-- Node name is '|fourbit:level1|fulladd:stage1|~8~2' 
-- Equation name is '_LC029', type is buried 
-- synthesized logic cell 
_LC029   = LCELL( _EQ006 $  GND);
  _EQ006 =  a1 & !a3 & !b0 & !b1 & !b2 & !b3
         # !a1 & !a2 & !a3 & !b0 & !b1 & !b2
         # !a0 & !a1 & !a2 & !a3 & !b1 & !b2
         # !a0 & !a1 & !a2 & !b1 & !b2 & !b3
         # !a1 & !a2 & !b0 & !b1 & !b2 & !b3;

-- Node name is '|fourbit:level1|fulladd:stage1|~8~3' 
-- Equation name is '_LC026', type is buried 
-- synthesized logic cell 
_LC026   = LCELL( _EQ007 $  GND);
  _EQ007 =  a0 &  a2 &  b0 & !b1 &  b2
         # !a1 & !a3 & !b0 & !b1 & !b3
         # !a0 & !a1 & !a3 & !b1 & !b3
         #  a0 &  a3 &  b0 & !b1
         #  a0 &  b0 & !b1 &  b3;

-- Node name is '|fourbit:level1|fulladd:stage1|~8~4' 
-- Equation name is '_LC027', type is buried 
-- synthesized logic cell 
_LC027   = LCELL( _EQ008 $  GND);
  _EQ008 = !a0 &  a3 &  b1
         #  a3 & !b0 &  b1
         # !a0 &  b1 &  b3
         # !b0 &  b1 &  b3;

-- Node name is '|fourbit:level1|fulladd:stage1|~8~5' 
-- Equation name is '_LC030', type is buried 
-- synthesized logic cell 
_LC030   = LCELL( _EQ009 $  GND);
  _EQ009 =  a2 & !b0 &  b1 &  b2
         # !a0 &  a2 &  b1 &  b2;

-- Node name is '|fourbit:level1|fulladd:stage2|~8~1' 
-- Equation name is '_LC031', type is buried 
-- synthesized logic cell 
_LC031   = LCELL( _EQ010 $  GND);
  _EQ010 = !a0 & !a1 & !a2 &  a3 & !b1 & !b2 &  b3
         # !a1 & !a2 &  a3 & !b0 & !b1 & !b2 &  b3
         # !a0 & !a1 &  a2 & !a3 & !b1 & !b2 &  b3
         # !a1 &  a2 & !a3 & !b0 & !b1 & !b2 &  b3
         #  a0 & !a2 &  a3 &  b0 & !b1 &  b2;

-- Node name is '|fourbit:level1|fulladd:stage2|~8~2' 
-- Equation name is '_LC032', type is buried 
-- synthesized logic cell 
_LC032   = LCELL( _EQ011 $  GND);
  _EQ011 =  a0 & !a2 &  b0 & !b1 &  b2 &  b3
         #  a0 & !a1 & !a2 &  b0 & !b1 &  b2
         #  a0 & !a3 &  b0 &  b1 & !b2 & !b3
         #  a0 &  a1 & !a3 &  b0 & !b2 & !b3
         # !a1 &  a2 &  a3 & !b0 & !b1 & !b2;

-- Node name is '|fourbit:level1|fulladd:stage2|~8~3' 
-- Equation name is '_LC028', type is buried 
-- synthesized logic cell 
_LC028   = LCELL( _EQ012 $  GND);
  _EQ012 = !a0 & !a1 &  a2 &  a3 & !b1 & !b2
         # !a0 & !a1 & !a2 & !a3 &  b2 & !b3
         # !a1 & !a2 & !a3 & !b0 &  b2 & !b3
         # !a0 & !a2 & !a3 & !b1 &  b2 & !b3
         # !a2 & !a3 & !b0 & !b1 &  b2 & !b3;

-- Node name is '|fourbit:level1|fulladd:stage2|~8~4' 
-- Equation name is '_LC024', type is buried 
-- synthesized logic cell 
_LC024   = LCELL( _EQ013 $  GND);
  _EQ013 =  a0 &  a1 &  b0 &  b1 & !b2
         #  a0 & !a1 &  a2 &  b0 &  b2
         # !a1 & !a2 &  a3 &  b1 &  b2
         # !a1 & !a2 &  b1 &  b2 &  b3
         # !a0 &  a1 & !a2 &  a3 &  b2;

-- Node name is '|fourbit:level1|fulladd:stage2|~8~5' 
-- Equation name is '_LC023', type is buried 
-- synthesized logic cell 
_LC023   = LCELL( _EQ014 $  GND);
  _EQ014 =  a1 & !a2 &  a3 & !b0 &  b2
         # !a0 &  a1 & !a2 &  b2 &  b3
         #  a1 & !a2 & !b0 &  b2 &  b3
         #  a1 & !a3 &  b1 & !b2 & !b3
         #  a2 & !a3 & !b0 &  b2 & !b3;

-- Node name is '|fourbit:level1|fulladd:stage2|~8~6' 
-- Equation name is '_LC022', type is buried 
-- synthesized logic cell 
_LC022   = LCELL( _EQ015 $  GND);
  _EQ015 = !a0 &  a2 & !a3 &  b2 & !b3
         #  a1 &  a2 & !b1 &  b2;

-- Node name is '|fourbit:level1|fulladd:stage3|~8~1' 
-- Equation name is '_LC017', type is buried 
-- synthesized logic cell 
_LC017   = LCELL( _EQ016 $  GND);
  _EQ016 =  a0 &  a1 &  a2 & !a3 &  b0 & !b1 & !b2 & !b3
         #  a0 &  a1 & !a2 & !a3 &  b0 & !b1 &  b2 & !b3
         #  a0 & !a1 & !a2 & !a3 &  b0 &  b1 &  b2 & !b3
         # !a0 &  a1 &  a2 & !a3 &  b1 & !b2 & !b3
         #  a1 &  a2 & !a3 & !b0 &  b1 & !b2 & !b3;

-- Node name is '|fourbit:level1|fulladd:stage3|~8~2' 
-- Equation name is '_LC001', type is buried 
-- synthesized logic cell 
_LC001   = LCELL( _EQ017 $  GND);
  _EQ017 = !a0 &  a1 & !a2 & !a3 &  b1 &  b2 & !b3
         #  a1 & !a2 & !a3 & !b0 &  b1 &  b2 & !b3
         # !a0 & !a1 &  a2 & !a3 & !b1 &  b2 & !b3
         # !a1 &  a2 & !a3 & !b0 & !b1 &  b2 & !b3
         #  a0 &  a1 &  a2 &  b0 &  b1 &  b3;

-- Node name is '|fourbit:level1|fulladd:stage3|~8~3' 
-- Equation name is '_LC002', type is buried 
-- synthesized logic cell 
_LC002   = LCELL( _EQ018 $  GND);
  _EQ018 =  a0 &  a1 &  b0 &  b1 &  b2 &  b3
         #  a0 & !a2 &  a3 &  b0 & !b2 & !b3
         # !a1 &  a2 &  a3 & !b0 & !b1 & !b3
         # !a0 & !a1 &  a2 &  a3 & !b1 & !b3
         # !a1 &  a2 &  a3 & !b1 & !b2 & !b3;

-- Node name is '|fourbit:level1|fulladd:stage3|~8~4' 
-- Equation name is '_LC003', type is buried 
-- synthesized logic cell 
_LC003   = LCELL( _EQ019 $  GND);
  _EQ019 = !a1 & !a2 &  a3 & !b1 &  b2 & !b3
         # !a1 & !a2 & !b0 & !b1 & !b2 &  b3
         # !a0 & !a1 & !a2 & !b1 & !b2 &  b3
         #  a0 &  a2 &  b0 &  b2 &  b3
         #  a1 & !a2 &  a3 & !b1 & !b3;

-- Node name is '|fourbit:level1|fulladd:stage3|~8~5' 
-- Equation name is '_LC004', type is buried 
-- synthesized logic cell 
_LC004   = LCELL( _EQ020 $  GND);
  _EQ020 = !a0 &  a1 & !a2 &  a3 & !b3
         #  a1 & !a2 &  a3 & !b0 & !b3
         # !a1 & !a2 &  a3 &  b1 & !b3
         #  a1 &  a3 & !b1 & !b2 & !b3
         # !a0 &  a3 &  b1 & !b2 & !b3;

-- Node name is '|fourbit:level1|fulladd:stage3|~8~6' 
-- Equation name is '_LC021', type is buried 
-- synthesized logic cell 
_LC021   = LCELL( _EQ021 $  GND);
  _EQ021 =  a3 & !b0 &  b1 & !b2 & !b3
         # !a1 &  a3 &  b1 & !b2 & !b3
         #  a1 &  a2 &  b2 &  b3
         #  a2 &  b1 &  b2 &  b3;



--     Shareable expanders that are duplicated in multiple LABs:
--    _X006 occurs in LABs A, B




Project Information                       c:\student\cse_b_b1_17\week_5\q5.rpt

** COMPILATION SETTINGS & TIMES **

Processing Menu Commands
------------------------

Design Doctor                             = off

Logic Synthesis:

   Synthesis Type Used                    = Standard

   Default Synthesis Style                = NORMAL

      Logic option settings in 'NORMAL' style for 'MAX7000' family

      DECOMPOSE_GATES                     = on
      DUPLICATE_LOGIC_EXTRACTION          = on
      MINIMIZATION                        = full
      MULTI_LEVEL_FACTORING               = on
      NOT_GATE_PUSH_BACK                  = on
      PARALLEL_EXPANDERS                  = off
      REDUCE_LOGIC                        = on
      REFACTORIZATION                     = on
      REGISTER_OPTIMIZATION               = on
      RESYNTHESIZE_NETWORK                = on
      SLOW_SLEW_RATE                      = off
      SOFT_BUFFER_INSERTION               = on
      SUBFACTOR_EXTRACTION                = on
      TURBO_BIT                           = on
      XOR_SYNTHESIS                       = on
      IGNORE_SOFT_BUFFERS                 = off
      USE_LPM_FOR_AHDL_OPERATORS          = off

   Other logic synthesis settings:

      Automatic Global Clock              = on
      Automatic Global Clear              = on
      Automatic Global Preset             = on
      Automatic Global Output Enable      = on
      Automatic Fast I/O                  = off
      Automatic Register Packing          = off
      Automatic Open-Drain Pins           = on
      Automatic Implement in EAB          = off
      One-Hot State Machine Encoding      = off
      Optimize                            = 5

Default Timing Specifications: None

Cut All Bidir Feedback Timing Paths       = on
Cut All Clear & Preset Timing Paths       = on

Ignore Timing Assignments                 = off

Functional SNF Extractor                  = off

Linked SNF Extractor                      = off
Timing SNF Extractor                      = on
Optimize Timing SNF                       = off
Generate AHDL TDO File                    = off
Fitter Settings                           = NORMAL
Smart Recompile                           = off
Total Recompile                           = off

Interfaces Menu Commands
------------------------

EDIF Netlist Writer                       = off
Verilog Netlist Writer                    = off
VHDL Netlist Writer                       = off

Compilation Times
-----------------

   Compiler Netlist Extractor             00:00:00
   Database Builder                       00:00:00
   Logic Synthesizer                      00:00:00
   Partitioner                            00:00:01
   Fitter                                 00:00:00
   Timing SNF Extractor                   00:00:00
   Assembler                              00:00:00
   --------------------------             --------
   Total Time                             00:00:01


Memory Allocated
-----------------

Peak memory allocated during compilation  = 5,454K
